Started GET "/" for 127.0.0.1 at 2017-10-04 20:08:59 -0500
Processing by Rails::WelcomeController#index as HTML
  Rendering /Users/anthonyhaler/.rbenv/versions/2.3.3/lib/ruby/gems/2.3.0/gems/railties-5.1.4/lib/rails/templates/rails/welcome/index.html.erb
  Rendered /Users/anthonyhaler/.rbenv/versions/2.3.3/lib/ruby/gems/2.3.0/gems/railties-5.1.4/lib/rails/templates/rails/welcome/index.html.erb (6.7ms)
Completed 200 OK in 446ms (Views: 17.9ms)


Started GET "/" for 127.0.0.1 at 2017-10-04 20:09:01 -0500
Processing by Rails::WelcomeController#index as HTML
  Rendering /Users/anthonyhaler/.rbenv/versions/2.3.3/lib/ruby/gems/2.3.0/gems/railties-5.1.4/lib/rails/templates/rails/welcome/index.html.erb
  Rendered /Users/anthonyhaler/.rbenv/versions/2.3.3/lib/ruby/gems/2.3.0/gems/railties-5.1.4/lib/rails/templates/rails/welcome/index.html.erb (4.5ms)
Completed 200 OK in 17ms (Views: 11.5ms)


Started GET "/" for 127.0.0.1 at 2017-10-04 20:25:05 -0500
  
ActiveRecord::PendingMigrationError (

Migrations are pending. To resolve this issue, run:

        bin/rails db:migrate RAILS_ENV=development

):
  
activerecord (5.1.4) lib/active_record/migration.rb:576:in `check_pending!'
activerecord (5.1.4) lib/active_record/migration.rb:553:in `call'
actionpack (5.1.4) lib/action_dispatch/middleware/callbacks.rb:26:in `block in call'
activesupport (5.1.4) lib/active_support/callbacks.rb:97:in `run_callbacks'
actionpack (5.1.4) lib/action_dispatch/middleware/callbacks.rb:24:in `call'
actionpack (5.1.4) lib/action_dispatch/middleware/executor.rb:12:in `call'
actionpack (5.1.4) lib/action_dispatch/middleware/debug_exceptions.rb:59:in `call'
web-console (3.5.1) lib/web_console/middleware.rb:135:in `call_app'
web-console (3.5.1) lib/web_console/middleware.rb:28:in `block in call'
web-console (3.5.1) lib/web_console/middleware.rb:18:in `catch'
web-console (3.5.1) lib/web_console/middleware.rb:18:in `call'
actionpack (5.1.4) lib/action_dispatch/middleware/show_exceptions.rb:31:in `call'
railties (5.1.4) lib/rails/rack/logger.rb:36:in `call_app'
railties (5.1.4) lib/rails/rack/logger.rb:24:in `block in call'
activesupport (5.1.4) lib/active_support/tagged_logging.rb:69:in `block in tagged'
activesupport (5.1.4) lib/active_support/tagged_logging.rb:26:in `tagged'
activesupport (5.1.4) lib/active_support/tagged_logging.rb:69:in `tagged'
railties (5.1.4) lib/rails/rack/logger.rb:24:in `call'
sprockets-rails (3.2.1) lib/sprockets/rails/quiet_assets.rb:13:in `call'
actionpack (5.1.4) lib/action_dispatch/middleware/remote_ip.rb:79:in `call'
actionpack (5.1.4) lib/action_dispatch/middleware/request_id.rb:25:in `call'
rack (2.0.3) lib/rack/method_override.rb:22:in `call'
rack (2.0.3) lib/rack/runtime.rb:22:in `call'
activesupport (5.1.4) lib/active_support/cache/strategy/local_cache_middleware.rb:27:in `call'
actionpack (5.1.4) lib/action_dispatch/middleware/executor.rb:12:in `call'
actionpack (5.1.4) lib/action_dispatch/middleware/static.rb:125:in `call'
rack (2.0.3) lib/rack/sendfile.rb:111:in `call'
railties (5.1.4) lib/rails/engine.rb:522:in `call'
puma (3.10.0) lib/puma/configuration.rb:225:in `call'
puma (3.10.0) lib/puma/server.rb:605:in `handle_request'
puma (3.10.0) lib/puma/server.rb:437:in `process_client'
puma (3.10.0) lib/puma/server.rb:301:in `block in run'
puma (3.10.0) lib/puma/thread_pool.rb:120:in `block in spawn_thread'
  [1m[35m (0.1ms)[0m  [1m[34mSELECT sqlite_version(*)[0m
  [1m[35m (2.3ms)[0m  [1m[35mCREATE TABLE "schema_migrations" ("version" varchar NOT NULL PRIMARY KEY)[0m
  [1m[35m (1.9ms)[0m  [1m[35mCREATE TABLE "ar_internal_metadata" ("key" varchar NOT NULL PRIMARY KEY, "value" varchar, "created_at" datetime NOT NULL, "updated_at" datetime NOT NULL)[0m
  [1m[35m (0.2ms)[0m  [1m[34mSELECT "schema_migrations"."version" FROM "schema_migrations" ORDER BY "schema_migrations"."version" ASC[0m
Migrating to CreateTasks (20171005011205)
  [1m[35m (0.1ms)[0m  [1m[36mbegin transaction[0m
  [1m[35m (0.4ms)[0m  [1m[35mCREATE TABLE "tasks" ("id" INTEGER PRIMARY KEY AUTOINCREMENT NOT NULL, "title" varchar, "note" text, "completed" date, "created_at" datetime NOT NULL, "updated_at" datetime NOT NULL)[0m
  [1m[35mSQL (0.2ms)[0m  [1m[32mINSERT INTO "schema_migrations" ("version") VALUES (?)[0m  [["version", "20171005011205"]]
  [1m[35m (1.7ms)[0m  [1m[36mcommit transaction[0m
  [1m[36mActiveRecord::InternalMetadata Load (0.3ms)[0m  [1m[34mSELECT  "ar_internal_metadata".* FROM "ar_internal_metadata" WHERE "ar_internal_metadata"."key" = ? LIMIT ?[0m  [["key", "environment"], ["LIMIT", 1]]
  [1m[35m (0.1ms)[0m  [1m[36mbegin transaction[0m
  [1m[35mSQL (0.3ms)[0m  [1m[32mINSERT INTO "ar_internal_metadata" ("key", "value", "created_at", "updated_at") VALUES (?, ?, ?, ?)[0m  [["key", "environment"], ["value", "development"], ["created_at", "2017-10-05 01:25:59.923058"], ["updated_at", "2017-10-05 01:25:59.923058"]]
  [1m[35m (1.7ms)[0m  [1m[36mcommit transaction[0m
  [1m[35m (0.2ms)[0m  [1m[34mSELECT "schema_migrations"."version" FROM "schema_migrations" ORDER BY "schema_migrations"."version" ASC[0m
  [1m[35m (0.1ms)[0m  [1m[36mbegin transaction[0m
  [1m[35mSQL (2.2ms)[0m  [1m[32mINSERT INTO "tasks" ("title", "note", "created_at", "updated_at") VALUES (?, ?, ?, ?)[0m  [["title", "First Task"], ["note", "This task was created inside the rails console"], ["created_at", "2017-10-05 01:28:47.709584"], ["updated_at", "2017-10-05 01:28:47.709584"]]
  [1m[35m (1.7ms)[0m  [1m[36mcommit transaction[0m
  [1m[36mTask Load (0.3ms)[0m  [1m[34mSELECT  "tasks".* FROM "tasks" ORDER BY "tasks"."id" ASC LIMIT ?[0m  [["LIMIT", 1]]
  [1m[36mTask Load (0.2ms)[0m  [1m[34mSELECT  "tasks".* FROM "tasks" ORDER BY "tasks"."id" ASC LIMIT ?[0m  [["LIMIT", 1]]
  [1m[35m (0.1ms)[0m  [1m[36mbegin transaction[0m
  [1m[35mSQL (0.4ms)[0m  [1m[33mUPDATE "tasks" SET "title" = ?, "updated_at" = ? WHERE "tasks"."id" = ?[0m  [["title", "Firs task - edited"], ["updated_at", "2017-10-05 01:30:12.379440"], ["id", 1]]
  [1m[35m (1.4ms)[0m  [1m[36mcommit transaction[0m
  [1m[35m (0.1ms)[0m  [1m[36mbegin transaction[0m
  [1m[35mSQL (0.5ms)[0m  [1m[31mDELETE FROM "tasks" WHERE "tasks"."id" = ?[0m  [["id", 1]]
  [1m[35m (1.6ms)[0m  [1m[36mcommit transaction[0m
  [1m[36mTask Load (0.4ms)[0m  [1m[34mSELECT  "tasks".* FROM "tasks" LIMIT ?[0m  [["LIMIT", 11]]
  [1m[35m (0.2ms)[0m  [1m[34mSELECT COUNT(*) FROM "tasks"[0m
Started GET "/" for 127.0.0.1 at 2017-10-04 21:24:55 -0500
  [1m[35m (0.2ms)[0m  [1m[34mSELECT "schema_migrations"."version" FROM "schema_migrations" ORDER BY "schema_migrations"."version" ASC[0m
Processing by PagesController#home as HTML
  Rendering pages/home.html.haml within layouts/application
  Rendered pages/home.html.haml within layouts/application (3.5ms)
Completed 200 OK in 1002ms (Views: 999.2ms | ActiveRecord: 0.0ms)


Started GET "/" for 127.0.0.1 at 2017-10-04 21:28:50 -0500
Processing by PagesController#home as HTML
  Rendering pages/home.html.haml within layouts/application
  Rendered pages/home.html.haml within layouts/application (2.1ms)
Completed 200 OK in 38ms (Views: 35.7ms | ActiveRecord: 0.0ms)


Started GET "/" for 127.0.0.1 at 2017-10-04 21:29:05 -0500
Processing by PagesController#home as HTML
  Rendering pages/home.html.haml within layouts/application
  Rendered pages/home.html.haml within layouts/application (3.8ms)
Completed 200 OK in 54ms (Views: 51.5ms | ActiveRecord: 0.0ms)


Started GET "/" for 127.0.0.1 at 2017-10-04 21:31:21 -0500
Processing by PagesController#home as HTML
  Rendering pages/home.html.haml within layouts/application
  Rendered pages/home.html.haml within layouts/application (2.8ms)
Completed 200 OK in 3827ms (Views: 3825.0ms | ActiveRecord: 0.0ms)


Started GET "/" for 127.0.0.1 at 2017-10-05 09:46:55 -0500
  [1m[35m (1.5ms)[0m  [1m[34mSELECT "schema_migrations"."version" FROM "schema_migrations" ORDER BY "schema_migrations"."version" ASC[0m
Processing by PagesController#home as HTML
  Rendering pages/home.html.haml within layouts/application
  Rendered pages/home.html.haml within layouts/application (21.4ms)
Completed 500 Internal Server Error in 44ms (ActiveRecord: 0.0ms)


  
ActionView::Template::Error (undefined method `empty?' for nil:NilClass):
    1: .container
    2:   - if @task.empty?
    3:     %span.text-warning there are no tasks!
    4:   - else
    5:     %table.table.table-hover.table-bordered
  
app/views/pages/home.html.haml:2:in `_app_views_pages_home_html_haml__1861845143552472062_70165589749460'
Started GET "/" for 127.0.0.1 at 2017-10-05 09:47:52 -0500
Processing by PagesController#home as HTML
  Rendering pages/home.html.haml within layouts/application
  [1m[36mTask Exists (0.2ms)[0m  [1m[34mSELECT  1 AS one FROM "tasks" LIMIT ?[0m  [["LIMIT", 1]]
  Rendered pages/home.html.haml within layouts/application (14.2ms)
Completed 200 OK in 541ms (Views: 535.6ms | ActiveRecord: 0.9ms)


  [1m[36mTask Load (3.2ms)[0m  [1m[34mSELECT  "tasks".* FROM "tasks" LIMIT ?[0m  [["LIMIT", 11]]
  [1m[35m (0.1ms)[0m  [1m[36mbegin transaction[0m
  [1m[35mSQL (3.9ms)[0m  [1m[32mINSERT INTO "tasks" ("title", "note", "created_at", "updated_at") VALUES (?, ?, ?, ?)[0m  [["title", "This is the taks title"], ["note", "This is the task note"], ["created_at", "2017-10-05 14:52:06.722114"], ["updated_at", "2017-10-05 14:52:06.722114"]]
  [1m[35m (1.9ms)[0m  [1m[36mcommit transaction[0m
Started GET "/" for 127.0.0.1 at 2017-10-05 09:52:16 -0500
Processing by PagesController#home as HTML
  Rendering pages/home.html.haml within layouts/application
  [1m[36mTask Exists (0.2ms)[0m  [1m[34mSELECT  1 AS one FROM "tasks" LIMIT ?[0m  [["LIMIT", 1]]
  [1m[36mTask Load (0.2ms)[0m  [1m[34mSELECT "tasks".* FROM "tasks"[0m
  Rendered pages/home.html.haml within layouts/application (31.2ms)
Completed 200 OK in 115ms (Views: 107.7ms | ActiveRecord: 0.8ms)


Started GET "/" for 127.0.0.1 at 2017-10-05 10:03:36 -0500
Processing by PagesController#home as HTML
  Rendering pages/home.html.haml within layouts/application
  [1m[36mTask Exists (0.2ms)[0m  [1m[34mSELECT  1 AS one FROM "tasks" LIMIT ?[0m  [["LIMIT", 1]]
  [1m[36mTask Load (0.1ms)[0m  [1m[34mSELECT "tasks".* FROM "tasks"[0m
  Rendered pages/home.html.haml within layouts/application (13.3ms)
Completed 200 OK in 1798ms (Views: 1791.3ms | ActiveRecord: 1.1ms)


Started GET "/" for 127.0.0.1 at 2017-10-05 10:03:41 -0500
Processing by PagesController#home as HTML
  Rendering pages/home.html.haml within layouts/application
  [1m[36mTask Exists (0.2ms)[0m  [1m[34mSELECT  1 AS one FROM "tasks" LIMIT ?[0m  [["LIMIT", 1]]
  [1m[36mTask Load (0.1ms)[0m  [1m[34mSELECT "tasks".* FROM "tasks"[0m
  Rendered pages/home.html.haml within layouts/application (6.8ms)
Completed 200 OK in 55ms (Views: 52.8ms | ActiveRecord: 0.3ms)


Started GET "/" for 127.0.0.1 at 2017-10-05 10:06:06 -0500
Processing by PagesController#home as HTML
  Rendering pages/home.html.haml within layouts/application
  [1m[36mTask Exists (0.2ms)[0m  [1m[34mSELECT  1 AS one FROM "tasks" LIMIT ?[0m  [["LIMIT", 1]]
  [1m[36mTask Load (0.1ms)[0m  [1m[34mSELECT "tasks".* FROM "tasks"[0m
  Rendered pages/home.html.haml within layouts/application (5.6ms)
Completed 200 OK in 54ms (Views: 51.7ms | ActiveRecord: 0.4ms)


Started GET "/tasks/new" for 127.0.0.1 at 2017-10-05 10:06:13 -0500
Processing by TasksController#new as HTML
Completed 406 Not Acceptable in 47ms (ActiveRecord: 0.0ms)


  
ActionController::UnknownFormat (TasksController#new is missing a template for this request format and variant.

request.formats: ["text/html"]
request.variant: []):
  
actionpack (5.1.4) lib/action_controller/metal/implicit_render.rb:40:in `default_render'
actionpack (5.1.4) lib/action_controller/metal/basic_implicit_render.rb:4:in `block in send_action'
actionpack (5.1.4) lib/action_controller/metal/basic_implicit_render.rb:4:in `tap'
actionpack (5.1.4) lib/action_controller/metal/basic_implicit_render.rb:4:in `send_action'
actionpack (5.1.4) lib/abstract_controller/base.rb:186:in `process_action'
actionpack (5.1.4) lib/action_controller/metal/rendering.rb:30:in `process_action'
actionpack (5.1.4) lib/abstract_controller/callbacks.rb:20:in `block in process_action'
activesupport (5.1.4) lib/active_support/callbacks.rb:131:in `run_callbacks'
actionpack (5.1.4) lib/abstract_controller/callbacks.rb:19:in `process_action'
actionpack (5.1.4) lib/action_controller/metal/rescue.rb:20:in `process_action'
actionpack (5.1.4) lib/action_controller/metal/instrumentation.rb:32:in `block in process_action'
activesupport (5.1.4) lib/active_support/notifications.rb:166:in `block in instrument'
activesupport (5.1.4) lib/active_support/notifications/instrumenter.rb:21:in `instrument'
activesupport (5.1.4) lib/active_support/notifications.rb:166:in `instrument'
actionpack (5.1.4) lib/action_controller/metal/instrumentation.rb:30:in `process_action'
actionpack (5.1.4) lib/action_controller/metal/params_wrapper.rb:252:in `process_action'
activerecord (5.1.4) lib/active_record/railties/controller_runtime.rb:22:in `process_action'
actionpack (5.1.4) lib/abstract_controller/base.rb:124:in `process'
actionview (5.1.4) lib/action_view/rendering.rb:30:in `process'
actionpack (5.1.4) lib/action_controller/metal.rb:189:in `dispatch'
actionpack (5.1.4) lib/action_controller/metal.rb:253:in `dispatch'
actionpack (5.1.4) lib/action_dispatch/routing/route_set.rb:49:in `dispatch'
actionpack (5.1.4) lib/action_dispatch/routing/route_set.rb:31:in `serve'
actionpack (5.1.4) lib/action_dispatch/journey/router.rb:50:in `block in serve'
actionpack (5.1.4) lib/action_dispatch/journey/router.rb:33:in `each'
actionpack (5.1.4) lib/action_dispatch/journey/router.rb:33:in `serve'
actionpack (5.1.4) lib/action_dispatch/routing/route_set.rb:834:in `call'
rack (2.0.3) lib/rack/etag.rb:25:in `call'
rack (2.0.3) lib/rack/conditional_get.rb:25:in `call'
rack (2.0.3) lib/rack/head.rb:12:in `call'
rack (2.0.3) lib/rack/session/abstract/id.rb:232:in `context'
rack (2.0.3) lib/rack/session/abstract/id.rb:226:in `call'
actionpack (5.1.4) lib/action_dispatch/middleware/cookies.rb:613:in `call'
activerecord (5.1.4) lib/active_record/migration.rb:556:in `call'
actionpack (5.1.4) lib/action_dispatch/middleware/callbacks.rb:26:in `block in call'
activesupport (5.1.4) lib/active_support/callbacks.rb:97:in `run_callbacks'
actionpack (5.1.4) lib/action_dispatch/middleware/callbacks.rb:24:in `call'
actionpack (5.1.4) lib/action_dispatch/middleware/executor.rb:12:in `call'
actionpack (5.1.4) lib/action_dispatch/middleware/debug_exceptions.rb:59:in `call'
web-console (3.5.1) lib/web_console/middleware.rb:135:in `call_app'
web-console (3.5.1) lib/web_console/middleware.rb:28:in `block in call'
web-console (3.5.1) lib/web_console/middleware.rb:18:in `catch'
web-console (3.5.1) lib/web_console/middleware.rb:18:in `call'
actionpack (5.1.4) lib/action_dispatch/middleware/show_exceptions.rb:31:in `call'
railties (5.1.4) lib/rails/rack/logger.rb:36:in `call_app'
railties (5.1.4) lib/rails/rack/logger.rb:24:in `block in call'
activesupport (5.1.4) lib/active_support/tagged_logging.rb:69:in `block in tagged'
activesupport (5.1.4) lib/active_support/tagged_logging.rb:26:in `tagged'
activesupport (5.1.4) lib/active_support/tagged_logging.rb:69:in `tagged'
railties (5.1.4) lib/rails/rack/logger.rb:24:in `call'
sprockets-rails (3.2.1) lib/sprockets/rails/quiet_assets.rb:13:in `call'
actionpack (5.1.4) lib/action_dispatch/middleware/remote_ip.rb:79:in `call'
actionpack (5.1.4) lib/action_dispatch/middleware/request_id.rb:25:in `call'
rack (2.0.3) lib/rack/method_override.rb:22:in `call'
rack (2.0.3) lib/rack/runtime.rb:22:in `call'
activesupport (5.1.4) lib/active_support/cache/strategy/local_cache_middleware.rb:27:in `call'
actionpack (5.1.4) lib/action_dispatch/middleware/executor.rb:12:in `call'
actionpack (5.1.4) lib/action_dispatch/middleware/static.rb:125:in `call'
rack (2.0.3) lib/rack/sendfile.rb:111:in `call'
railties (5.1.4) lib/rails/engine.rb:522:in `call'
puma (3.10.0) lib/puma/configuration.rb:225:in `call'
puma (3.10.0) lib/puma/server.rb:605:in `handle_request'
puma (3.10.0) lib/puma/server.rb:437:in `process_client'
puma (3.10.0) lib/puma/server.rb:301:in `block in run'
puma (3.10.0) lib/puma/thread_pool.rb:120:in `block in spawn_thread'
Started GET "/tasks/new" for 127.0.0.1 at 2017-10-05 10:09:52 -0500
Processing by TasksController#new as HTML
Completed 406 Not Acceptable in 38ms (ActiveRecord: 0.0ms)


  
ActionController::UnknownFormat (TasksController#new is missing a template for this request format and variant.

request.formats: ["text/html"]
request.variant: []):
  
actionpack (5.1.4) lib/action_controller/metal/implicit_render.rb:40:in `default_render'
actionpack (5.1.4) lib/action_controller/metal/basic_implicit_render.rb:4:in `block in send_action'
actionpack (5.1.4) lib/action_controller/metal/basic_implicit_render.rb:4:in `tap'
actionpack (5.1.4) lib/action_controller/metal/basic_implicit_render.rb:4:in `send_action'
actionpack (5.1.4) lib/abstract_controller/base.rb:186:in `process_action'
actionpack (5.1.4) lib/action_controller/metal/rendering.rb:30:in `process_action'
actionpack (5.1.4) lib/abstract_controller/callbacks.rb:20:in `block in process_action'
activesupport (5.1.4) lib/active_support/callbacks.rb:131:in `run_callbacks'
actionpack (5.1.4) lib/abstract_controller/callbacks.rb:19:in `process_action'
actionpack (5.1.4) lib/action_controller/metal/rescue.rb:20:in `process_action'
actionpack (5.1.4) lib/action_controller/metal/instrumentation.rb:32:in `block in process_action'
activesupport (5.1.4) lib/active_support/notifications.rb:166:in `block in instrument'
activesupport (5.1.4) lib/active_support/notifications/instrumenter.rb:21:in `instrument'
activesupport (5.1.4) lib/active_support/notifications.rb:166:in `instrument'
actionpack (5.1.4) lib/action_controller/metal/instrumentation.rb:30:in `process_action'
actionpack (5.1.4) lib/action_controller/metal/params_wrapper.rb:252:in `process_action'
activerecord (5.1.4) lib/active_record/railties/controller_runtime.rb:22:in `process_action'
actionpack (5.1.4) lib/abstract_controller/base.rb:124:in `process'
actionview (5.1.4) lib/action_view/rendering.rb:30:in `process'
actionpack (5.1.4) lib/action_controller/metal.rb:189:in `dispatch'
actionpack (5.1.4) lib/action_controller/metal.rb:253:in `dispatch'
actionpack (5.1.4) lib/action_dispatch/routing/route_set.rb:49:in `dispatch'
actionpack (5.1.4) lib/action_dispatch/routing/route_set.rb:31:in `serve'
actionpack (5.1.4) lib/action_dispatch/journey/router.rb:50:in `block in serve'
actionpack (5.1.4) lib/action_dispatch/journey/router.rb:33:in `each'
actionpack (5.1.4) lib/action_dispatch/journey/router.rb:33:in `serve'
actionpack (5.1.4) lib/action_dispatch/routing/route_set.rb:834:in `call'
rack (2.0.3) lib/rack/etag.rb:25:in `call'
rack (2.0.3) lib/rack/conditional_get.rb:25:in `call'
rack (2.0.3) lib/rack/head.rb:12:in `call'
rack (2.0.3) lib/rack/session/abstract/id.rb:232:in `context'
rack (2.0.3) lib/rack/session/abstract/id.rb:226:in `call'
actionpack (5.1.4) lib/action_dispatch/middleware/cookies.rb:613:in `call'
activerecord (5.1.4) lib/active_record/migration.rb:556:in `call'
actionpack (5.1.4) lib/action_dispatch/middleware/callbacks.rb:26:in `block in call'
activesupport (5.1.4) lib/active_support/callbacks.rb:97:in `run_callbacks'
actionpack (5.1.4) lib/action_dispatch/middleware/callbacks.rb:24:in `call'
actionpack (5.1.4) lib/action_dispatch/middleware/executor.rb:12:in `call'
actionpack (5.1.4) lib/action_dispatch/middleware/debug_exceptions.rb:59:in `call'
web-console (3.5.1) lib/web_console/middleware.rb:135:in `call_app'
web-console (3.5.1) lib/web_console/middleware.rb:28:in `block in call'
web-console (3.5.1) lib/web_console/middleware.rb:18:in `catch'
web-console (3.5.1) lib/web_console/middleware.rb:18:in `call'
actionpack (5.1.4) lib/action_dispatch/middleware/show_exceptions.rb:31:in `call'
railties (5.1.4) lib/rails/rack/logger.rb:36:in `call_app'
railties (5.1.4) lib/rails/rack/logger.rb:24:in `block in call'
activesupport (5.1.4) lib/active_support/tagged_logging.rb:69:in `block in tagged'
activesupport (5.1.4) lib/active_support/tagged_logging.rb:26:in `tagged'
activesupport (5.1.4) lib/active_support/tagged_logging.rb:69:in `tagged'
railties (5.1.4) lib/rails/rack/logger.rb:24:in `call'
sprockets-rails (3.2.1) lib/sprockets/rails/quiet_assets.rb:13:in `call'
actionpack (5.1.4) lib/action_dispatch/middleware/remote_ip.rb:79:in `call'
actionpack (5.1.4) lib/action_dispatch/middleware/request_id.rb:25:in `call'
rack (2.0.3) lib/rack/method_override.rb:22:in `call'
rack (2.0.3) lib/rack/runtime.rb:22:in `call'
activesupport (5.1.4) lib/active_support/cache/strategy/local_cache_middleware.rb:27:in `call'
actionpack (5.1.4) lib/action_dispatch/middleware/executor.rb:12:in `call'
actionpack (5.1.4) lib/action_dispatch/middleware/static.rb:125:in `call'
rack (2.0.3) lib/rack/sendfile.rb:111:in `call'
railties (5.1.4) lib/rails/engine.rb:522:in `call'
puma (3.10.0) lib/puma/configuration.rb:225:in `call'
puma (3.10.0) lib/puma/server.rb:605:in `handle_request'
puma (3.10.0) lib/puma/server.rb:437:in `process_client'
puma (3.10.0) lib/puma/server.rb:301:in `block in run'
puma (3.10.0) lib/puma/thread_pool.rb:120:in `block in spawn_thread'
Started GET "/" for 127.0.0.1 at 2017-10-05 10:09:57 -0500
Processing by PagesController#home as HTML
  Rendering pages/home.html.haml within layouts/application
  [1m[36mTask Exists (0.2ms)[0m  [1m[34mSELECT  1 AS one FROM "tasks" LIMIT ?[0m  [["LIMIT", 1]]
  [1m[36mTask Load (0.1ms)[0m  [1m[34mSELECT "tasks".* FROM "tasks"[0m
  Rendered pages/home.html.haml within layouts/application (6.9ms)
Completed 200 OK in 78ms (Views: 73.9ms | ActiveRecord: 0.3ms)


Started GET "/tasks/new" for 127.0.0.1 at 2017-10-05 10:09:58 -0500
Processing by TasksController#new as JS
  Rendering tasks/new.js.erb
  Rendered tasks/new.js.erb (0.5ms)
Completed 200 OK in 47ms (Views: 26.0ms | ActiveRecord: 0.0ms)


Started GET "/tasks/new" for 127.0.0.1 at 2017-10-05 10:10:04 -0500
Processing by TasksController#new as JS
  Rendering tasks/new.js.erb
  Rendered tasks/new.js.erb (0.5ms)
Completed 200 OK in 41ms (Views: 22.0ms | ActiveRecord: 0.0ms)


Started GET "/tasks/new" for 127.0.0.1 at 2017-10-05 10:10:33 -0500
Processing by TasksController#new as JS
  Rendering tasks/new.js.erb
  Rendered tasks/new.js.erb (0.5ms)
Completed 200 OK in 37ms (Views: 21.4ms | ActiveRecord: 0.0ms)


Started GET "/tasks/new" for 127.0.0.1 at 2017-10-05 10:10:36 -0500
Processing by TasksController#new as JS
  Rendering tasks/new.js.erb
  Rendered tasks/new.js.erb (0.5ms)
Completed 200 OK in 39ms (Views: 21.1ms | ActiveRecord: 0.0ms)


Started GET "/" for 127.0.0.1 at 2017-10-05 10:14:16 -0500
Processing by PagesController#home as HTML
  Rendering pages/home.html.haml within layouts/application
  [1m[36mTask Exists (0.2ms)[0m  [1m[34mSELECT  1 AS one FROM "tasks" LIMIT ?[0m  [["LIMIT", 1]]
  [1m[36mTask Load (0.1ms)[0m  [1m[34mSELECT "tasks".* FROM "tasks"[0m
  Rendered pages/home.html.haml within layouts/application (6.8ms)
Completed 200 OK in 1714ms (Views: 1711.6ms | ActiveRecord: 0.3ms)


Started GET "/tasks/new" for 127.0.0.1 at 2017-10-05 10:14:19 -0500
Processing by TasksController#new as JS
  Rendering tasks/new.js.erb
  Rendered tasks/_task_form.html.haml (277.5ms)
  Rendered tasks/new.js.erb (293.9ms)
Completed 200 OK in 333ms (Views: 313.5ms | ActiveRecord: 0.0ms)


Started GET "/tasks/new" for 127.0.0.1 at 2017-10-05 10:14:23 -0500
Processing by TasksController#new as JS
  Rendering tasks/new.js.erb
  Rendered tasks/_task_form.html.haml (8.7ms)
  Rendered tasks/new.js.erb (26.8ms)
Completed 200 OK in 62ms (Views: 45.0ms | ActiveRecord: 0.0ms)


Started GET "/tasks/new" for 127.0.0.1 at 2017-10-05 10:14:24 -0500
Processing by TasksController#new as JS
  Rendering tasks/new.js.erb
  Rendered tasks/_task_form.html.haml (8.5ms)
  Rendered tasks/new.js.erb (24.8ms)
Completed 200 OK in 62ms (Views: 44.8ms | ActiveRecord: 0.0ms)


Started GET "/tasks/new" for 127.0.0.1 at 2017-10-05 10:14:24 -0500
Processing by TasksController#new as JS
  Rendering tasks/new.js.erb
  Rendered tasks/_task_form.html.haml (8.8ms)
  Rendered tasks/new.js.erb (23.6ms)
Completed 200 OK in 61ms (Views: 42.7ms | ActiveRecord: 0.0ms)


Started GET "/tasks/new" for 127.0.0.1 at 2017-10-05 10:14:25 -0500
Processing by TasksController#new as JS
  Rendering tasks/new.js.erb
  Rendered tasks/_task_form.html.haml (10.2ms)
  Rendered tasks/new.js.erb (25.8ms)
Completed 200 OK in 61ms (Views: 43.6ms | ActiveRecord: 0.0ms)


Started GET "/tasks/new" for 127.0.0.1 at 2017-10-05 10:14:25 -0500
Processing by TasksController#new as JS
  Rendering tasks/new.js.erb
  Rendered tasks/_task_form.html.haml (8.4ms)
  Rendered tasks/new.js.erb (23.9ms)
Completed 200 OK in 55ms (Views: 40.5ms | ActiveRecord: 0.0ms)


Started GET "/tasks/new" for 127.0.0.1 at 2017-10-05 10:14:25 -0500
Processing by TasksController#new as JS
  Rendering tasks/new.js.erb
  Rendered tasks/_task_form.html.haml (12.1ms)
  Rendered tasks/new.js.erb (29.8ms)
Completed 200 OK in 62ms (Views: 46.2ms | ActiveRecord: 0.0ms)


Started GET "/tasks/new" for 127.0.0.1 at 2017-10-05 10:14:25 -0500
Processing by TasksController#new as JS
  Rendering tasks/new.js.erb
  Rendered tasks/_task_form.html.haml (9.4ms)
  Rendered tasks/new.js.erb (25.1ms)
Completed 200 OK in 65ms (Views: 45.8ms | ActiveRecord: 0.0ms)


Started GET "/tasks/new" for 127.0.0.1 at 2017-10-05 10:14:26 -0500
Processing by TasksController#new as JS
  Rendering tasks/new.js.erb
  Rendered tasks/_task_form.html.haml (11.4ms)
  Rendered tasks/new.js.erb (27.9ms)
Completed 200 OK in 61ms (Views: 44.7ms | ActiveRecord: 0.0ms)


Started GET "/tasks/new" for 127.0.0.1 at 2017-10-05 10:14:26 -0500
Processing by TasksController#new as JS
  Rendering tasks/new.js.erb
  Rendered tasks/_task_form.html.haml (13.8ms)
  Rendered tasks/new.js.erb (29.9ms)
Completed 200 OK in 70ms (Views: 50.3ms | ActiveRecord: 0.0ms)


Started GET "/tasks/new" for 127.0.0.1 at 2017-10-05 10:14:26 -0500
Processing by TasksController#new as JS
  Rendering tasks/new.js.erb
  Rendered tasks/_task_form.html.haml (10.4ms)
  Rendered tasks/new.js.erb (24.4ms)
Completed 200 OK in 63ms (Views: 43.5ms | ActiveRecord: 0.0ms)


Started GET "/tasks/new" for 127.0.0.1 at 2017-10-05 10:14:26 -0500
Processing by TasksController#new as JS
  Rendering tasks/new.js.erb
  Rendered tasks/_task_form.html.haml (10.0ms)
  Rendered tasks/new.js.erb (25.7ms)
Completed 200 OK in 66ms (Views: 50.9ms | ActiveRecord: 0.0ms)


Started GET "/tasks/new" for 127.0.0.1 at 2017-10-05 10:14:26 -0500
Processing by TasksController#new as JS
  Rendering tasks/new.js.erb
  Rendered tasks/_task_form.html.haml (15.3ms)
  Rendered tasks/new.js.erb (35.4ms)
Completed 200 OK in 70ms (Views: 55.4ms | ActiveRecord: 0.0ms)


Started GET "/tasks/new" for 127.0.0.1 at 2017-10-05 10:14:27 -0500
Processing by TasksController#new as JS
  Rendering tasks/new.js.erb
  Rendered tasks/_task_form.html.haml (10.0ms)
  Rendered tasks/new.js.erb (25.5ms)
Completed 200 OK in 68ms (Views: 46.9ms | ActiveRecord: 0.0ms)


Started GET "/tasks/new" for 127.0.0.1 at 2017-10-05 10:14:27 -0500
Processing by TasksController#new as JS
  Rendering tasks/new.js.erb
  Rendered tasks/_task_form.html.haml (10.0ms)
  Rendered tasks/new.js.erb (24.9ms)
Completed 200 OK in 65ms (Views: 46.3ms | ActiveRecord: 0.0ms)


Started GET "/tasks/new" for 127.0.0.1 at 2017-10-05 10:14:27 -0500
Processing by TasksController#new as JS
  Rendering tasks/new.js.erb
  Rendered tasks/_task_form.html.haml (10.5ms)
  Rendered tasks/new.js.erb (25.8ms)
Completed 200 OK in 57ms (Views: 42.2ms | ActiveRecord: 0.0ms)


Started GET "/tasks/new" for 127.0.0.1 at 2017-10-05 10:14:28 -0500
Processing by TasksController#new as JS
  Rendering tasks/new.js.erb
  Rendered tasks/_task_form.html.haml (8.0ms)
  Rendered tasks/new.js.erb (23.4ms)
Completed 200 OK in 65ms (Views: 42.8ms | ActiveRecord: 0.0ms)


Started GET "/tasks/new" for 127.0.0.1 at 2017-10-05 10:14:30 -0500
Processing by TasksController#new as JS
  Rendering tasks/new.js.erb
  Rendered tasks/_task_form.html.haml (7.7ms)
  Rendered tasks/new.js.erb (22.9ms)
Completed 200 OK in 65ms (Views: 41.3ms | ActiveRecord: 0.0ms)


Started GET "/tasks/new" for 127.0.0.1 at 2017-10-05 10:14:30 -0500
Processing by TasksController#new as JS
  Rendering tasks/new.js.erb
  Rendered tasks/_task_form.html.haml (9.9ms)
  Rendered tasks/new.js.erb (25.8ms)
Completed 200 OK in 59ms (Views: 43.1ms | ActiveRecord: 0.0ms)


Started GET "/" for 127.0.0.1 at 2017-10-05 10:15:50 -0500
Processing by PagesController#home as HTML
  Rendering pages/home.html.haml within layouts/application
  [1m[36mTask Exists (0.2ms)[0m  [1m[34mSELECT  1 AS one FROM "tasks" LIMIT ?[0m  [["LIMIT", 1]]
  [1m[36mTask Load (0.1ms)[0m  [1m[34mSELECT "tasks".* FROM "tasks"[0m
  Rendered pages/home.html.haml within layouts/application (4.5ms)
Completed 200 OK in 64ms (Views: 59.7ms | ActiveRecord: 0.4ms)


Started GET "/tasks/new" for 127.0.0.1 at 2017-10-05 10:15:51 -0500
Processing by TasksController#new as JS
  Rendering tasks/new.js.erb
  Rendered tasks/_task_form.html.haml (12.6ms)
  Rendered tasks/new.js.erb (27.1ms)
Completed 200 OK in 59ms (Views: 44.5ms | ActiveRecord: 0.0ms)


Started GET "/tasks/new" for 127.0.0.1 at 2017-10-05 10:15:53 -0500
Processing by TasksController#new as JS
  Rendering tasks/new.js.erb
  Rendered tasks/_task_form.html.haml (14.1ms)
  Rendered tasks/new.js.erb (28.4ms)
Completed 200 OK in 67ms (Views: 48.7ms | ActiveRecord: 0.0ms)


Started GET "/tasks/new" for 127.0.0.1 at 2017-10-05 10:15:54 -0500
Processing by TasksController#new as JS
  Rendering tasks/new.js.erb
  Rendered tasks/_task_form.html.haml (12.1ms)
  Rendered tasks/new.js.erb (27.3ms)
Completed 200 OK in 75ms (Views: 60.1ms | ActiveRecord: 0.0ms)


Started GET "/tasks/new" for 127.0.0.1 at 2017-10-05 10:15:54 -0500
Processing by TasksController#new as JS
  Rendering tasks/new.js.erb
  Rendered tasks/_task_form.html.haml (12.2ms)
  Rendered tasks/new.js.erb (40.5ms)
Completed 200 OK in 76ms (Views: 60.5ms | ActiveRecord: 0.0ms)


Started GET "/tasks/new" for 127.0.0.1 at 2017-10-05 10:15:54 -0500
Processing by TasksController#new as JS
  Rendering tasks/new.js.erb
  Rendered tasks/_task_form.html.haml (14.3ms)
  Rendered tasks/new.js.erb (28.9ms)
Completed 200 OK in 63ms (Views: 46.6ms | ActiveRecord: 0.0ms)


Started GET "/tasks/new" for 127.0.0.1 at 2017-10-05 10:15:55 -0500
Processing by TasksController#new as JS
  Rendering tasks/new.js.erb
  Rendered tasks/_task_form.html.haml (19.5ms)
  Rendered tasks/new.js.erb (34.8ms)
Completed 200 OK in 72ms (Views: 53.8ms | ActiveRecord: 0.0ms)


Started GET "/tasks/new" for 127.0.0.1 at 2017-10-05 10:15:55 -0500
Processing by TasksController#new as JS
  Rendering tasks/new.js.erb
  Rendered tasks/_task_form.html.haml (12.8ms)
  Rendered tasks/new.js.erb (37.5ms)
Completed 200 OK in 76ms (Views: 59.0ms | ActiveRecord: 0.0ms)


Started GET "/tasks/new" for 127.0.0.1 at 2017-10-05 10:15:55 -0500
Processing by TasksController#new as JS
  Rendering tasks/new.js.erb
  Rendered tasks/_task_form.html.haml (10.5ms)
  Rendered tasks/new.js.erb (30.3ms)
Completed 200 OK in 71ms (Views: 53.1ms | ActiveRecord: 0.0ms)


Started GET "/tasks/new" for 127.0.0.1 at 2017-10-05 10:15:55 -0500
Processing by TasksController#new as JS
  Rendering tasks/new.js.erb
  Rendered tasks/_task_form.html.haml (10.2ms)
  Rendered tasks/new.js.erb (24.5ms)
Completed 200 OK in 59ms (Views: 43.3ms | ActiveRecord: 0.0ms)


Started GET "/tasks/new" for 127.0.0.1 at 2017-10-05 10:15:55 -0500
Processing by TasksController#new as JS
  Rendering tasks/new.js.erb
  Rendered tasks/_task_form.html.haml (10.1ms)
  Rendered tasks/new.js.erb (25.2ms)
Completed 200 OK in 60ms (Views: 43.7ms | ActiveRecord: 0.0ms)


Started GET "/tasks/new" for 127.0.0.1 at 2017-10-05 10:15:55 -0500
Processing by TasksController#new as JS
  Rendering tasks/new.js.erb
  Rendered tasks/_task_form.html.haml (11.7ms)
  Rendered tasks/new.js.erb (26.6ms)
Completed 200 OK in 64ms (Views: 47.5ms | ActiveRecord: 0.0ms)


Started GET "/tasks/new" for 127.0.0.1 at 2017-10-05 10:15:55 -0500
Processing by TasksController#new as JS
  Rendering tasks/new.js.erb
  Rendered tasks/_task_form.html.haml (10.4ms)
  Rendered tasks/new.js.erb (24.5ms)
Completed 200 OK in 60ms (Views: 41.9ms | ActiveRecord: 0.0ms)


Started GET "/tasks/new" for 127.0.0.1 at 2017-10-05 10:15:56 -0500
Processing by TasksController#new as JS
  Rendering tasks/new.js.erb
  Rendered tasks/_task_form.html.haml (9.2ms)
  Rendered tasks/new.js.erb (23.3ms)
Completed 200 OK in 60ms (Views: 42.8ms | ActiveRecord: 0.0ms)


Started GET "/tasks/new" for 127.0.0.1 at 2017-10-05 10:15:56 -0500
Processing by TasksController#new as JS
  Rendering tasks/new.js.erb
  Rendered tasks/_task_form.html.haml (11.1ms)
  Rendered tasks/new.js.erb (27.7ms)
Completed 200 OK in 63ms (Views: 47.0ms | ActiveRecord: 0.0ms)


Started GET "/tasks/new" for 127.0.0.1 at 2017-10-05 10:15:56 -0500
Processing by TasksController#new as JS
  Rendering tasks/new.js.erb
  Rendered tasks/_task_form.html.haml (10.4ms)
  Rendered tasks/new.js.erb (27.7ms)
Completed 200 OK in 68ms (Views: 51.0ms | ActiveRecord: 0.0ms)


Started GET "/tasks/new" for 127.0.0.1 at 2017-10-05 10:15:56 -0500
Processing by TasksController#new as JS
  Rendering tasks/new.js.erb
  Rendered tasks/_task_form.html.haml (13.1ms)
  Rendered tasks/new.js.erb (27.8ms)
Completed 200 OK in 63ms (Views: 47.1ms | ActiveRecord: 0.0ms)


Started GET "/tasks/new" for 127.0.0.1 at 2017-10-05 10:15:56 -0500
Processing by TasksController#new as JS
  Rendering tasks/new.js.erb
  Rendered tasks/_task_form.html.haml (10.7ms)
  Rendered tasks/new.js.erb (28.4ms)
Completed 200 OK in 63ms (Views: 46.9ms | ActiveRecord: 0.0ms)


Started GET "/tasks/new" for 127.0.0.1 at 2017-10-05 10:15:56 -0500
Processing by TasksController#new as JS
  Rendering tasks/new.js.erb
  Rendered tasks/_task_form.html.haml (9.7ms)
  Rendered tasks/new.js.erb (26.7ms)
Completed 200 OK in 61ms (Views: 45.9ms | ActiveRecord: 0.0ms)


Started GET "/tasks/new" for 127.0.0.1 at 2017-10-05 10:15:56 -0500
Processing by TasksController#new as JS
  Rendering tasks/new.js.erb
  Rendered tasks/_task_form.html.haml (11.1ms)
  Rendered tasks/new.js.erb (25.9ms)
Completed 200 OK in 73ms (Views: 50.8ms | ActiveRecord: 0.0ms)


Started GET "/tasks/new" for 127.0.0.1 at 2017-10-05 10:15:57 -0500
Processing by TasksController#new as JS
  Rendering tasks/new.js.erb
  Rendered tasks/_task_form.html.haml (9.3ms)
  Rendered tasks/new.js.erb (24.2ms)
Completed 200 OK in 61ms (Views: 43.2ms | ActiveRecord: 0.0ms)


Started GET "/tasks/new" for 127.0.0.1 at 2017-10-05 10:15:57 -0500
Processing by TasksController#new as JS
  Rendering tasks/new.js.erb
  Rendered tasks/_task_form.html.haml (10.6ms)
  Rendered tasks/new.js.erb (25.3ms)
Completed 200 OK in 62ms (Views: 42.0ms | ActiveRecord: 0.0ms)


Started GET "/tasks/new" for 127.0.0.1 at 2017-10-05 10:15:57 -0500
Processing by TasksController#new as JS
  Rendering tasks/new.js.erb
  Rendered tasks/_task_form.html.haml (10.7ms)
  Rendered tasks/new.js.erb (26.1ms)
Completed 200 OK in 65ms (Views: 48.5ms | ActiveRecord: 0.0ms)


Started GET "/tasks/new" for 127.0.0.1 at 2017-10-05 10:16:00 -0500
Processing by TasksController#new as JS
  Rendering tasks/new.js.erb
  Rendered tasks/_task_form.html.haml (10.9ms)
  Rendered tasks/new.js.erb (26.0ms)
Completed 200 OK in 64ms (Views: 47.3ms | ActiveRecord: 0.0ms)


Started GET "/tasks/new" for 127.0.0.1 at 2017-10-05 10:16:00 -0500
Processing by TasksController#new as JS
  Rendering tasks/new.js.erb
  Rendered tasks/_task_form.html.haml (16.9ms)
  Rendered tasks/new.js.erb (32.0ms)
Completed 200 OK in 66ms (Views: 49.7ms | ActiveRecord: 0.0ms)


Started GET "/tasks/new" for 127.0.0.1 at 2017-10-05 10:16:02 -0500
Processing by TasksController#new as JS
  Rendering tasks/new.js.erb
  Rendered tasks/_task_form.html.haml (12.0ms)
  Rendered tasks/new.js.erb (27.5ms)
Completed 200 OK in 61ms (Views: 45.0ms | ActiveRecord: 0.0ms)


Started GET "/tasks/new" for 127.0.0.1 at 2017-10-05 10:16:02 -0500
Processing by TasksController#new as JS
  Rendering tasks/new.js.erb
  Rendered tasks/_task_form.html.haml (11.5ms)
  Rendered tasks/new.js.erb (30.4ms)
Completed 200 OK in 65ms (Views: 47.4ms | ActiveRecord: 0.0ms)


Started GET "/tasks/new" for 127.0.0.1 at 2017-10-05 10:16:09 -0500
Processing by TasksController#new as JS
  Rendering tasks/new.js.erb
  Rendered tasks/_task_form.html.haml (9.9ms)
  Rendered tasks/new.js.erb (24.8ms)
Completed 200 OK in 61ms (Views: 44.6ms | ActiveRecord: 0.0ms)


Started GET "/tasks/new" for 127.0.0.1 at 2017-10-05 10:16:09 -0500
Processing by TasksController#new as JS
  Rendering tasks/new.js.erb
  Rendered tasks/_task_form.html.haml (10.8ms)
  Rendered tasks/new.js.erb (26.2ms)
Completed 200 OK in 64ms (Views: 45.2ms | ActiveRecord: 0.0ms)


Started GET "/tasks/new" for 127.0.0.1 at 2017-10-05 10:16:10 -0500
Processing by TasksController#new as JS
  Rendering tasks/new.js.erb
  Rendered tasks/_task_form.html.haml (9.6ms)
  Rendered tasks/new.js.erb (24.7ms)
Completed 200 OK in 61ms (Views: 43.5ms | ActiveRecord: 0.0ms)


Started GET "/tasks/new" for 127.0.0.1 at 2017-10-05 10:16:10 -0500
Processing by TasksController#new as JS
  Rendering tasks/new.js.erb
  Rendered tasks/_task_form.html.haml (8.8ms)
  Rendered tasks/new.js.erb (23.5ms)
Completed 200 OK in 59ms (Views: 42.0ms | ActiveRecord: 0.0ms)


Started GET "/tasks/new" for 127.0.0.1 at 2017-10-05 10:16:10 -0500
Processing by TasksController#new as JS
  Rendering tasks/new.js.erb
  Rendered tasks/_task_form.html.haml (8.3ms)
  Rendered tasks/new.js.erb (23.0ms)
Completed 200 OK in 61ms (Views: 46.2ms | ActiveRecord: 0.0ms)


Started GET "/tasks/new" for 127.0.0.1 at 2017-10-05 10:16:10 -0500
Processing by TasksController#new as JS
  Rendering tasks/new.js.erb
  Rendered tasks/_task_form.html.haml (11.8ms)
  Rendered tasks/new.js.erb (26.6ms)
Completed 200 OK in 63ms (Views: 46.5ms | ActiveRecord: 0.0ms)


Started GET "/tasks/new" for 127.0.0.1 at 2017-10-05 10:16:10 -0500
Processing by TasksController#new as JS
  Rendering tasks/new.js.erb
  Rendered tasks/_task_form.html.haml (8.8ms)
  Rendered tasks/new.js.erb (25.4ms)
Completed 200 OK in 66ms (Views: 45.0ms | ActiveRecord: 0.0ms)


Started GET "/tasks/new" for 127.0.0.1 at 2017-10-05 10:16:10 -0500
Processing by TasksController#new as JS
  Rendering tasks/new.js.erb
  Rendered tasks/_task_form.html.haml (7.9ms)
  Rendered tasks/new.js.erb (29.0ms)
Completed 200 OK in 85ms (Views: 55.5ms | ActiveRecord: 0.0ms)


Started GET "/" for 127.0.0.1 at 2017-10-05 10:16:37 -0500
Processing by PagesController#home as HTML
  Rendering pages/home.html.haml within layouts/application
  [1m[36mTask Exists (0.4ms)[0m  [1m[34mSELECT  1 AS one FROM "tasks" LIMIT ?[0m  [["LIMIT", 1]]
  [1m[36mTask Load (0.6ms)[0m  [1m[34mSELECT "tasks".* FROM "tasks"[0m
  Rendered pages/home.html.haml within layouts/application (11.9ms)
Completed 200 OK in 91ms (Views: 85.9ms | ActiveRecord: 1.0ms)


Started GET "/tasks/new" for 127.0.0.1 at 2017-10-05 10:17:18 -0500
Processing by TasksController#new as JS
  Rendering tasks/new.js.erb
  Rendered tasks/_task_form.html.haml (12.8ms)
  Rendered tasks/new.js.erb (28.6ms)
Completed 200 OK in 59ms (Views: 45.3ms | ActiveRecord: 0.0ms)


  [1m[35m (0.4ms)[0m  [1m[34mSELECT "schema_migrations"."version" FROM "schema_migrations" ORDER BY "schema_migrations"."version" ASC[0m
  [1m[35m (0.2ms)[0m  [1m[34mSELECT "ar_internal_metadata"."value" FROM "ar_internal_metadata" WHERE "ar_internal_metadata"."key" = ?[0m  [["key", "environment"]]
  [1m[35m (0.1ms)[0m  [1m[34mSELECT "schema_migrations"."version" FROM "schema_migrations" ORDER BY "schema_migrations"."version" ASC[0m
  [1m[35m (0.1ms)[0m  [1m[34mSELECT "ar_internal_metadata"."value" FROM "ar_internal_metadata" WHERE "ar_internal_metadata"."key" = ?[0m  [["key", "environment"]]
  [1m[35m (0.1ms)[0m  [1m[34mSELECT "schema_migrations"."version" FROM "schema_migrations" ORDER BY "schema_migrations"."version" ASC[0m
  [1m[35m (0.1ms)[0m  [1m[34mSELECT "ar_internal_metadata"."value" FROM "ar_internal_metadata" WHERE "ar_internal_metadata"."key" = ?[0m  [["key", "environment"]]
  [1m[35m (1.3ms)[0m  [1m[34mSELECT sqlite_version(*)[0m
  [1m[35m (4.2ms)[0m  [1m[35mCREATE TABLE "schema_migrations" ("version" varchar NOT NULL PRIMARY KEY)[0m
  [1m[35m (2.4ms)[0m  [1m[35mCREATE TABLE "ar_internal_metadata" ("key" varchar NOT NULL PRIMARY KEY, "value" varchar, "created_at" datetime NOT NULL, "updated_at" datetime NOT NULL)[0m
  [1m[35m (0.2ms)[0m  [1m[34mSELECT "schema_migrations"."version" FROM "schema_migrations" ORDER BY "schema_migrations"."version" ASC[0m
Migrating to CreateTasks (20171005011205)
  [1m[35m (0.1ms)[0m  [1m[36mbegin transaction[0m
  [1m[35m (0.4ms)[0m  [1m[35mCREATE TABLE "tasks" ("id" INTEGER PRIMARY KEY AUTOINCREMENT NOT NULL, "title" varchar, "note" text, "completed" date, "created_at" datetime NOT NULL, "updated_at" datetime NOT NULL)[0m
  [1m[35mSQL (0.2ms)[0m  [1m[32mINSERT INTO "schema_migrations" ("version") VALUES (?)[0m  [["version", "20171005011205"]]
  [1m[35m (1.6ms)[0m  [1m[36mcommit transaction[0m
  [1m[36mActiveRecord::InternalMetadata Load (0.2ms)[0m  [1m[34mSELECT  "ar_internal_metadata".* FROM "ar_internal_metadata" WHERE "ar_internal_metadata"."key" = ? LIMIT ?[0m  [["key", "environment"], ["LIMIT", 1]]
  [1m[35m (0.1ms)[0m  [1m[36mbegin transaction[0m
  [1m[35mSQL (0.3ms)[0m  [1m[32mINSERT INTO "ar_internal_metadata" ("key", "value", "created_at", "updated_at") VALUES (?, ?, ?, ?)[0m  [["key", "environment"], ["value", "development"], ["created_at", "2017-10-05 15:21:26.969363"], ["updated_at", "2017-10-05 15:21:26.969363"]]
  [1m[35m (1.7ms)[0m  [1m[36mcommit transaction[0m
  [1m[35m (0.1ms)[0m  [1m[34mSELECT "schema_migrations"."version" FROM "schema_migrations" ORDER BY "schema_migrations"."version" ASC[0m
Started GET "/" for 127.0.0.1 at 2017-10-05 10:22:00 -0500
  [1m[35m (0.3ms)[0m  [1m[34mSELECT "schema_migrations"."version" FROM "schema_migrations" ORDER BY "schema_migrations"."version" ASC[0m
Processing by PagesController#home as HTML
  Rendering pages/home.html.haml within layouts/application
  [1m[36mTask Exists (0.2ms)[0m  [1m[34mSELECT  1 AS one FROM "tasks" LIMIT ?[0m  [["LIMIT", 1]]
  Rendered pages/home.html.haml within layouts/application (17.9ms)
Completed 200 OK in 2360ms (Views: 2355.2ms | ActiveRecord: 0.4ms)


Started GET "/tasks/new" for 127.0.0.1 at 2017-10-05 10:22:04 -0500
Processing by TasksController#new as JS
  Rendering tasks/new.js.erb
  Rendered tasks/_task_form.html.haml (50.1ms)
  Rendered tasks/new.js.erb (69.0ms)
Completed 200 OK in 118ms (Views: 86.3ms | ActiveRecord: 1.1ms)


Started GET "/tasks/new" for 127.0.0.1 at 2017-10-05 10:22:07 -0500
Processing by TasksController#new as JS
  Rendering tasks/new.js.erb
  Rendered tasks/_task_form.html.haml (6.7ms)
  Rendered tasks/new.js.erb (21.1ms)
Completed 200 OK in 55ms (Views: 37.6ms | ActiveRecord: 0.0ms)


Started GET "/tasks/new" for 127.0.0.1 at 2017-10-05 10:22:09 -0500
Processing by TasksController#new as JS
  Rendering tasks/new.js.erb
  Rendered tasks/_task_form.html.haml (7.6ms)
  Rendered tasks/new.js.erb (21.3ms)
Completed 200 OK in 60ms (Views: 44.7ms | ActiveRecord: 0.0ms)


Started GET "/tasks/new" for 127.0.0.1 at 2017-10-05 10:22:09 -0500
Processing by TasksController#new as JS
  Rendering tasks/new.js.erb
  Rendered tasks/_task_form.html.haml (7.2ms)
  Rendered tasks/new.js.erb (21.0ms)
Completed 200 OK in 64ms (Views: 39.2ms | ActiveRecord: 0.0ms)


Started GET "/" for 127.0.0.1 at 2017-10-05 10:26:13 -0500
Processing by PagesController#home as HTML
  Rendering pages/home.html.haml within layouts/application
  [1m[36mTask Exists (0.2ms)[0m  [1m[34mSELECT  1 AS one FROM "tasks" LIMIT ?[0m  [["LIMIT", 1]]
  Rendered pages/home.html.haml within layouts/application (23.0ms)
Completed 200 OK in 3395ms (Views: 3392.0ms | ActiveRecord: 0.2ms)


Started GET "/tasks/new" for 127.0.0.1 at 2017-10-05 10:26:19 -0500
Processing by TasksController#new as JS
  Rendering tasks/new.js.erb
  Rendered tasks/_task_form.html.haml (16.3ms)
  Rendered tasks/new.js.erb (36.5ms)
Completed 200 OK in 84ms (Views: 61.2ms | ActiveRecord: 0.0ms)


Started GET "/tasks/new" for 127.0.0.1 at 2017-10-05 10:26:22 -0500
Processing by TasksController#new as HTML
Completed 406 Not Acceptable in 71ms (ActiveRecord: 0.0ms)


  
ActionController::UnknownFormat (TasksController#new is missing a template for this request format and variant.

request.formats: ["text/html"]
request.variant: []):
  
actionpack (5.1.4) lib/action_controller/metal/implicit_render.rb:40:in `default_render'
actionpack (5.1.4) lib/action_controller/metal/basic_implicit_render.rb:4:in `block in send_action'
actionpack (5.1.4) lib/action_controller/metal/basic_implicit_render.rb:4:in `tap'
actionpack (5.1.4) lib/action_controller/metal/basic_implicit_render.rb:4:in `send_action'
actionpack (5.1.4) lib/abstract_controller/base.rb:186:in `process_action'
actionpack (5.1.4) lib/action_controller/metal/rendering.rb:30:in `process_action'
actionpack (5.1.4) lib/abstract_controller/callbacks.rb:20:in `block in process_action'
activesupport (5.1.4) lib/active_support/callbacks.rb:131:in `run_callbacks'
actionpack (5.1.4) lib/abstract_controller/callbacks.rb:19:in `process_action'
actionpack (5.1.4) lib/action_controller/metal/rescue.rb:20:in `process_action'
actionpack (5.1.4) lib/action_controller/metal/instrumentation.rb:32:in `block in process_action'
activesupport (5.1.4) lib/active_support/notifications.rb:166:in `block in instrument'
activesupport (5.1.4) lib/active_support/notifications/instrumenter.rb:21:in `instrument'
activesupport (5.1.4) lib/active_support/notifications.rb:166:in `instrument'
actionpack (5.1.4) lib/action_controller/metal/instrumentation.rb:30:in `process_action'
actionpack (5.1.4) lib/action_controller/metal/params_wrapper.rb:252:in `process_action'
activerecord (5.1.4) lib/active_record/railties/controller_runtime.rb:22:in `process_action'
actionpack (5.1.4) lib/abstract_controller/base.rb:124:in `process'
actionview (5.1.4) lib/action_view/rendering.rb:30:in `process'
actionpack (5.1.4) lib/action_controller/metal.rb:189:in `dispatch'
actionpack (5.1.4) lib/action_controller/metal.rb:253:in `dispatch'
actionpack (5.1.4) lib/action_dispatch/routing/route_set.rb:49:in `dispatch'
actionpack (5.1.4) lib/action_dispatch/routing/route_set.rb:31:in `serve'
actionpack (5.1.4) lib/action_dispatch/journey/router.rb:50:in `block in serve'
actionpack (5.1.4) lib/action_dispatch/journey/router.rb:33:in `each'
actionpack (5.1.4) lib/action_dispatch/journey/router.rb:33:in `serve'
actionpack (5.1.4) lib/action_dispatch/routing/route_set.rb:834:in `call'
rack (2.0.3) lib/rack/etag.rb:25:in `call'
rack (2.0.3) lib/rack/conditional_get.rb:25:in `call'
rack (2.0.3) lib/rack/head.rb:12:in `call'
rack (2.0.3) lib/rack/session/abstract/id.rb:232:in `context'
rack (2.0.3) lib/rack/session/abstract/id.rb:226:in `call'
actionpack (5.1.4) lib/action_dispatch/middleware/cookies.rb:613:in `call'
activerecord (5.1.4) lib/active_record/migration.rb:556:in `call'
actionpack (5.1.4) lib/action_dispatch/middleware/callbacks.rb:26:in `block in call'
activesupport (5.1.4) lib/active_support/callbacks.rb:97:in `run_callbacks'
actionpack (5.1.4) lib/action_dispatch/middleware/callbacks.rb:24:in `call'
actionpack (5.1.4) lib/action_dispatch/middleware/executor.rb:12:in `call'
actionpack (5.1.4) lib/action_dispatch/middleware/debug_exceptions.rb:59:in `call'
web-console (3.5.1) lib/web_console/middleware.rb:135:in `call_app'
web-console (3.5.1) lib/web_console/middleware.rb:28:in `block in call'
web-console (3.5.1) lib/web_console/middleware.rb:18:in `catch'
web-console (3.5.1) lib/web_console/middleware.rb:18:in `call'
actionpack (5.1.4) lib/action_dispatch/middleware/show_exceptions.rb:31:in `call'
railties (5.1.4) lib/rails/rack/logger.rb:36:in `call_app'
railties (5.1.4) lib/rails/rack/logger.rb:24:in `block in call'
activesupport (5.1.4) lib/active_support/tagged_logging.rb:69:in `block in tagged'
activesupport (5.1.4) lib/active_support/tagged_logging.rb:26:in `tagged'
activesupport (5.1.4) lib/active_support/tagged_logging.rb:69:in `tagged'
railties (5.1.4) lib/rails/rack/logger.rb:24:in `call'
sprockets-rails (3.2.1) lib/sprockets/rails/quiet_assets.rb:13:in `call'
actionpack (5.1.4) lib/action_dispatch/middleware/remote_ip.rb:79:in `call'
actionpack (5.1.4) lib/action_dispatch/middleware/request_id.rb:25:in `call'
rack (2.0.3) lib/rack/method_override.rb:22:in `call'
rack (2.0.3) lib/rack/runtime.rb:22:in `call'
activesupport (5.1.4) lib/active_support/cache/strategy/local_cache_middleware.rb:27:in `call'
actionpack (5.1.4) lib/action_dispatch/middleware/executor.rb:12:in `call'
actionpack (5.1.4) lib/action_dispatch/middleware/static.rb:125:in `call'
rack (2.0.3) lib/rack/sendfile.rb:111:in `call'
railties (5.1.4) lib/rails/engine.rb:522:in `call'
puma (3.10.0) lib/puma/configuration.rb:225:in `call'
puma (3.10.0) lib/puma/server.rb:605:in `handle_request'
puma (3.10.0) lib/puma/server.rb:437:in `process_client'
puma (3.10.0) lib/puma/server.rb:301:in `block in run'
puma (3.10.0) lib/puma/thread_pool.rb:120:in `block in spawn_thread'
Started GET "/tasks/new" for 127.0.0.1 at 2017-10-05 10:26:52 -0500
Processing by TasksController#new as JS
  Rendering tasks/new.js.erb
  Rendered tasks/_task_form.html.haml (13.8ms)
  Rendered tasks/new.js.erb (29.2ms)
Completed 200 OK in 63ms (Views: 46.1ms | ActiveRecord: 0.0ms)


Started GET "/" for 127.0.0.1 at 2017-10-05 10:34:43 -0500
  [1m[35m (0.2ms)[0m  [1m[34mSELECT "schema_migrations"."version" FROM "schema_migrations" ORDER BY "schema_migrations"."version" ASC[0m
Processing by PagesController#home as HTML
  Rendering pages/home.html.haml within layouts/application
  [1m[36mTask Exists (0.2ms)[0m  [1m[34mSELECT  1 AS one FROM "tasks" LIMIT ?[0m  [["LIMIT", 1]]
  Rendered pages/home.html.haml within layouts/application (20.7ms)
Completed 200 OK in 759ms (Views: 751.7ms | ActiveRecord: 0.4ms)


Started GET "/tasks/new" for 127.0.0.1 at 2017-10-05 10:34:53 -0500
Processing by TasksController#new as JS
  Rendering tasks/new.js.erb
  Rendered tasks/_task_form.html.haml (94.3ms)
  Rendered tasks/new.js.erb (126.7ms)
Completed 200 OK in 207ms (Views: 162.9ms | ActiveRecord: 1.2ms)


